http://aovivo.folha.uol.com.br/mercado/2019/03/06/5662-aovivo.shtml
https://painel.blogfolha.uol.com.br/2019/03/24/crise-politica-reativa-debate-sobre-implantacao-do-parlamentarismo-no-brasil/
http://aovivo.folha.uol.com.br/esporte/2019/03/23/5674-aovivo.shtml
https://omundoeumabola.blogfolha.uol.com.br/2019/03/24/ate-este-mes-maradona-tinha-5-filhos-agora-podem-ser-10/
https://f5.folha.uol.com.br/colunistas/bom-de-garfo/2019/03/escondidinho-em-queijo-trufado-e-surpresa-em-bar-que-mescla-brasilidades-com-pub-ingles.shtml
https://f5.folha.uol.com.br/musica/2019/03/cantor-falcao-comemora-30-anos-de-carreira-com-dvd-que-sera-gravado-no-bar-onde-tudo-comecou.shtml
http://arte.folha.uol.com.br/cotidiano/reservatorios/
http://aovivo.folha.uol.com.br/mercado/2019/03/06/5662-aovivo.shtml
https://www1.folha.uol.com.br/especial/2014/petrolao
https://f5.folha.uol.com.br/viva-bem/2019/03/veja-dicas-para-organizar-a-casa-facilitar-a-rotina-e-ate-economizar-dinheiro.shtml
https://www1.folha.uol.com.br/especial/2018/venezuela
https://www1.folha.uol.com.br/ilustrada/cinema
https://f5.folha.uol.com.br/colunistas/bom-de-garfo/2019/03/escondidinho-em-queijo-trufado-e-surpresa-em-bar-que-mescla-brasilidades-com-pub-ingles.shtml
https://www1.folha.uol.com.br/mercado/previdencia
https://www1.folha.uol.com.br/especial/2014/petrolao
https://www1.folha.uol.com.br/ilustrada/cinema
https://f5.folha.uol.com.br/musica/2019/03/cantor-falcao-comemora-30-anos-de-carreira-com-dvd-que-sera-gravado-no-bar-onde-tudo-comecou.shtml
https://facesdaviolencia.blogfolha.uol.com.br/?p=714
https://facesdaviolencia.blogfolha.uol.com.br
https://facesdaviolencia.blogfolha.uol.com.br/?p=714
https://f5.folha.uol.com.br/televisao/2019/03/o-cravo-e-a-rosa-volta-ao-ar-com-brigas-e-amor-entre-catarina-a-fera-e-petruchio-o-machao.shtml
https://f5.folha.uol.com.br/colunistas/cristina-padiglione/2019/03/domingo-legal-bate-a-record-e-fica-com-a-vice-lideranca-da-audiencia-pelo-quinto-mes-seguido.shtml
http://www1.folha.uol.com.br/agora/
https://f5.folha.uol.com.br/colunistas/cristina-padiglione/2019/03/domingo-legal-bate-a-record-e-fica-com-a-vice-lideranca-da-audiencia-pelo-quinto-mes-seguido.shtml
https://sobretrilhos.blogfolha.uol.com.br/?p=803
https://sobretrilhos.blogfolha.uol.com.br
https://sobretrilhos.blogfolha.uol.com.br/?p=803
https://f5.folha.uol.com.br/televisao/2019/03/setimo-guardiao-gabriel-ameaca-expulsar-machado-da-irmandade-apos-segredo-revelado.shtml
https://f5.folha.uol.com.br/televisao/2019/03/verao-90-joao-e-diego-vao-parar-na-delegacia.shtml
https://f5.folha.uol.com.br/televisao/2019/03/espelho-da-vida-margot-descobre-que-daniel-e-seu-neto-eugenio-rouba-bebe-de-cris-e-danilo.shtml
https://degraoemgrao.blogfolha.uol.com.br/?p=1621
https://degraoemgrao.blogfolha.uol.com.br
https://degraoemgrao.blogfolha.uol.com.br/?p=1621
https://painel.blogfolha.uol.com.br/?p=30212
https://painel.blogfolha.uol.com.br
https://painel.blogfolha.uol.com.br/?p=30212
https://www1.folha.uol.com.br/especial/2019/campeonato-paulista/serie-a
https://f5.folha.uol.com.br/multitela/2019/03/masterchef-volta-para-sua-decima-temporada-na-band-com-novo-dia-e-hora-de-exibicao.shtml
https://www1.folha.uol.com.br/especial/2019/campeonato-paulista/serie-a
https://www1.folha.uol.com.br/especial/2018/perspectivas
https://www1.folha.uol.com.br/especial/2018/memorabilia
https://www1.folha.uol.com.br/especial/2014/petrolao
https://painel.blogfolha.uol.com.br/?p=30194
https://painel.blogfolha.uol.com.br
https://painel.blogfolha.uol.com.br/?p=30194
https://painel.blogfolha.uol.com.br/?p=30197
https://painel.blogfolha.uol.com.br
https://painel.blogfolha.uol.com.br/?p=30197
https://painel.blogfolha.uol.com.br/?p=30206
https://painel.blogfolha.uol.com.br
https://painel.blogfolha.uol.com.br/?p=30206
https://www1.folha.uol.com.br/especial/2017/ha-50-anos
https://guia.folha.uol.com.br/hoje/2019/03/exibicao-de-filme-com-musica-ao-vivo-no-mis-e-festa-com-gloria-groove-animam-o-domingo.shtml
https://omundoeumabola.blogfolha.uol.com.br/?p=16794
https://omundoeumabola.blogfolha.uol.com.br
https://omundoeumabola.blogfolha.uol.com.br/?p=16794
https://www1.folha.uol.com.br/especial/2018/governo-bolsonaro
https://www1.folha.uol.com.br/mercado/previdencia
https://aovivo.folha.uol.com.br/esporte/2019/03/23/5674-aovivo.shtml#post388636
https://f5.folha.uol.com.br/viva-bem/2019/03/veja-dicas-para-organizar-a-casa-facilitar-a-rotina-e-ate-economizar-dinheiro.shtml
https://f5.folha.uol.com.br/celebridades/2019/03/claudia-rodrigues-e-transferida-de-clinica-no-rio-para-uti-de-hospital-em-sao-paulo.shtml
https://f5.folha.uol.com.br/colunistas/bom-de-garfo/2019/03/escondidinho-em-queijo-trufado-e-surpresa-em-bar-que-mescla-brasilidades-com-pub-ingles.shtml
https://f5.folha.uol.com.br/musica/2019/03/anitta-divulga-mais-duas-versoes-de-si-para-seu-novo-album-ainda-faltam-quatro-cancoes.shtml
http://arte.folha.uol.com.br/cotidiano/reservatorios/
http://aovivo.folha.uol.com.br/mercado/2019/03/06/5662-aovivo.shtml
https://aovivo.folha.uol.com.br/esporte/2019/03/23/5674-aovivo.shtml
